<?xml version="1.0" encoding="UTF-8"?>
<coverage generated="1662072595163" clover="3.2.0">
  <project timestamp="1662072595163" name="All files">
    <metrics statements="96" coveredstatements="70" conditionals="12" coveredconditionals="4" methods="19" coveredmethods="5" elements="127" coveredelements="79" complexity="0" loc="96" ncloc="96" packages="1" files="1" classes="1"/>
    <file name="moviesManager.js" path="C:\Users\david\Capstone2\src\modules\moviesManager.js">
      <metrics statements="96" coveredstatements="70" conditionals="12" coveredconditionals="4" methods="19" coveredmethods="5"/>
      <line num="8" count="2" type="stmt"/>
      <line num="10" count="2" type="stmt"/>
      <line num="12" count="2" type="stmt"/>
      <line num="14" count="2" type="stmt"/>
      <line num="16" count="2" type="stmt"/>
      <line num="18" count="2" type="stmt"/>
      <line num="20" count="2" type="stmt"/>
      <line num="22" count="2" type="stmt"/>
      <line num="25" count="2" type="stmt"/>
      <line num="26" count="2" type="stmt"/>
      <line num="30" count="2" type="stmt"/>
      <line num="31" count="2" type="stmt"/>
      <line num="35" count="0" type="stmt"/>
      <line num="39" count="0" type="stmt"/>
      <line num="43" count="0" type="stmt"/>
      <line num="47" count="1" type="stmt"/>
      <line num="51" count="0" type="stmt"/>
      <line num="55" count="0" type="stmt"/>
      <line num="59" count="0" type="stmt"/>
      <line num="63" count="0" type="stmt"/>
      <line num="67" count="0" type="stmt"/>
      <line num="68" count="0" type="stmt"/>
      <line num="98" count="1" type="stmt"/>
      <line num="100" count="1" type="stmt"/>
      <line num="101" count="5" type="stmt"/>
      <line num="102" count="5" type="stmt"/>
      <line num="107" count="0" type="stmt"/>
      <line num="111" count="1" type="stmt"/>
      <line num="112" count="1" type="stmt"/>
      <line num="114" count="1" type="stmt"/>
      <line num="115" count="1" type="stmt"/>
      <line num="118" count="1" type="cond" truecount="1" falsecount="1"/>
      <line num="119" count="1" type="stmt"/>
      <line num="122" count="1" type="stmt"/>
      <line num="123" count="1" type="stmt"/>
      <line num="124" count="1" type="stmt"/>
      <line num="125" count="1" type="cond" truecount="1" falsecount="1"/>
      <line num="126" count="1" type="stmt"/>
      <line num="127" count="1" type="stmt"/>
      <line num="132" count="5" type="stmt"/>
      <line num="133" count="5" type="stmt"/>
      <line num="134" count="5" type="stmt"/>
      <line num="135" count="5" type="stmt"/>
      <line num="137" count="5" type="stmt"/>
      <line num="138" count="5" type="stmt"/>
      <line num="140" count="5" type="stmt"/>
      <line num="142" count="5" type="stmt"/>
      <line num="144" count="5" type="stmt"/>
      <line num="145" count="5" type="stmt"/>
      <line num="150" count="5" type="stmt"/>
      <line num="151" count="5" type="stmt"/>
      <line num="152" count="5" type="stmt"/>
      <line num="154" count="5" type="stmt"/>
      <line num="155" count="5" type="stmt"/>
      <line num="156" count="5" type="stmt"/>
      <line num="164" count="5" type="stmt"/>
      <line num="166" count="5" type="stmt"/>
      <line num="167" count="5" type="stmt"/>
      <line num="169" count="5" type="stmt"/>
      <line num="170" count="5" type="stmt"/>
      <line num="176" count="5" type="stmt"/>
      <line num="178" count="5" type="stmt"/>
      <line num="179" count="5" type="stmt"/>
      <line num="180" count="5" type="stmt"/>
      <line num="181" count="5" type="stmt"/>
      <line num="182" count="5" type="stmt"/>
      <line num="183" count="5" type="stmt"/>
      <line num="184" count="5" type="stmt"/>
      <line num="186" count="5" type="stmt"/>
      <line num="187" count="5" type="stmt"/>
      <line num="188" count="5" type="stmt"/>
      <line num="189" count="5" type="stmt"/>
      <line num="193" count="5" type="stmt"/>
      <line num="194" count="5" type="stmt"/>
      <line num="197" count="5" type="cond" truecount="1" falsecount="1"/>
      <line num="198" count="0" type="stmt"/>
      <line num="199" count="0" type="stmt"/>
      <line num="200" count="0" type="stmt"/>
      <line num="203" count="5" type="stmt"/>
      <line num="204" count="0" type="stmt"/>
      <line num="205" count="0" type="stmt"/>
      <line num="206" count="0" type="stmt"/>
      <line num="208" count="0" type="stmt"/>
      <line num="209" count="0" type="stmt"/>
      <line num="210" count="0" type="cond" truecount="0" falsecount="2"/>
      <line num="211" count="0" type="cond" truecount="0" falsecount="2"/>
      <line num="212" count="0" type="stmt"/>
      <line num="214" count="0" type="stmt"/>
      <line num="215" count="0" type="stmt"/>
      <line num="220" count="0" type="stmt"/>
      <line num="221" count="0" type="stmt"/>
      <line num="222" count="0" type="stmt"/>
      <line num="226" count="5" type="stmt"/>
      <line num="227" count="5" type="stmt"/>
      <line num="229" count="5" type="stmt"/>
      <line num="230" count="5" type="stmt"/>
    </file>
  </project>
</coverage>
