{"/home/limavfabio/Documents/Repos/Microverse Repos/Capstone2/src/modules/getShowData.js": {"path":"/home/limavfabio/Documents/Repos/Microverse Repos/Capstone2/src/modules/getShowData.js","statementMap":{"0":{"start":{"line":1,"column":17},"end":{"line":1,"column":47}},"1":{"start":{"line":4,"column":16},"end":{"line":12,"column":1}},"2":{"start":{"line":5,"column":2},"end":{"line":11,"column":3}},"3":{"start":{"line":6,"column":19},"end":{"line":6,"column":51}},"4":{"start":{"line":7,"column":17},"end":{"line":7,"column":36}},"5":{"start":{"line":8,"column":4},"end":{"line":8,"column":16}},"6":{"start":{"line":10,"column":4},"end":{"line":10,"column":17}}},"fnMap":{"0":{"name":"(anonymous_0)","decl":{"start":{"line":4,"column":16},"end":{"line":4,"column":17}},"loc":{"start":{"line":4,"column":30},"end":{"line":12,"column":1}},"line":4}},"branchMap":{},"s":{"0":1,"1":1,"2":0,"3":0,"4":0,"5":0,"6":0},"f":{"0":0},"b":{},"_coverageSchema":"1a1c01bbd47fc00a2c39e90264f33305004495a9","hash":"ce5f137acd44f7f5ec1fcd8fb8eafd2ab96159d4"}
,"/home/limavfabio/Documents/Repos/Microverse Repos/Capstone2/src/modules/moviesManager.js": {"path":"/home/limavfabio/Documents/Repos/Microverse Repos/Capstone2/src/modules/moviesManager.js","statementMap":{"0":{"start":{"line":8,"column":16},"end":{"line":8,"column":17}},"1":{"start":{"line":10,"column":16},"end":{"line":10,"column":17}},"2":{"start":{"line":12,"column":20},"end":{"line":12,"column":22}},"3":{"start":{"line":14,"column":20},"end":{"line":14,"column":21}},"4":{"start":{"line":16,"column":16},"end":{"line":16,"column":17}},"5":{"start":{"line":18,"column":14},"end":{"line":18,"column":16}},"6":{"start":{"line":20,"column":12},"end":{"line":20,"column":14}},"7":{"start":{"line":22,"column":11},"end":{"line":22,"column":13}},"8":{"start":{"line":25,"column":4},"end":{"line":25,"column":38}},"9":{"start":{"line":26,"column":4},"end":{"line":26,"column":54}},"10":{"start":{"line":30,"column":4},"end":{"line":30,"column":26}},"11":{"start":{"line":31,"column":4},"end":{"line":31,"column":37}},"12":{"start":{"line":35,"column":4},"end":{"line":35,"column":24}},"13":{"start":{"line":39,"column":4},"end":{"line":39,"column":26}},"14":{"start":{"line":43,"column":4},"end":{"line":43,"column":33}},"15":{"start":{"line":47,"column":4},"end":{"line":47,"column":28}},"16":{"start":{"line":51,"column":4},"end":{"line":51,"column":28}},"17":{"start":{"line":55,"column":4},"end":{"line":55,"column":28}},"18":{"start":{"line":59,"column":4},"end":{"line":59,"column":32}},"19":{"start":{"line":63,"column":4},"end":{"line":63,"column":32}},"20":{"start":{"line":67,"column":4},"end":{"line":69,"column":5}},"21":{"start":{"line":67,"column":17},"end":{"line":67,"column":18}},"22":{"start":{"line":68,"column":6},"end":{"line":68,"column":14}},"23":{"start":{"line":73,"column":16},"end":{"line":73,"column":36}},"24":{"start":{"line":75,"column":4},"end":{"line":78,"column":7}},"25":{"start":{"line":76,"column":20},"end":{"line":76,"column":43}},"26":{"start":{"line":77,"column":6},"end":{"line":77,"column":42}},"27":{"start":{"line":82,"column":4},"end":{"line":82,"column":43}},"28":{"start":{"line":86,"column":23},"end":{"line":86,"column":24}},"29":{"start":{"line":87,"column":21},"end":{"line":87,"column":22}},"30":{"start":{"line":89,"column":4},"end":{"line":89,"column":39}},"31":{"start":{"line":90,"column":4},"end":{"line":90,"column":47}},"32":{"start":{"line":93,"column":4},"end":{"line":95,"column":5}},"33":{"start":{"line":94,"column":6},"end":{"line":94,"column":36}},"34":{"start":{"line":97,"column":4},"end":{"line":97,"column":28}},"35":{"start":{"line":98,"column":4},"end":{"line":98,"column":53}},"36":{"start":{"line":99,"column":4},"end":{"line":99,"column":62}},"37":{"start":{"line":100,"column":4},"end":{"line":100,"column":73}},"38":{"start":{"line":102,"column":4},"end":{"line":102,"column":56}},"39":{"start":{"line":107,"column":27},"end":{"line":107,"column":60}},"40":{"start":{"line":108,"column":16},"end":{"line":108,"column":45}},"41":{"start":{"line":109,"column":22},"end":{"line":109,"column":49}},"42":{"start":{"line":110,"column":24},"end":{"line":110,"column":51}},"43":{"start":{"line":112,"column":4},"end":{"line":112,"column":39}},"44":{"start":{"line":113,"column":4},"end":{"line":113,"column":33}},"45":{"start":{"line":115,"column":4},"end":{"line":115,"column":32}},"46":{"start":{"line":117,"column":4},"end":{"line":117,"column":52}},"47":{"start":{"line":119,"column":4},"end":{"line":119,"column":55}},"48":{"start":{"line":120,"column":4},"end":{"line":120,"column":26}},"49":{"start":{"line":125,"column":22},"end":{"line":125,"column":55}},"50":{"start":{"line":126,"column":18},"end":{"line":126,"column":46}},"51":{"start":{"line":127,"column":24},"end":{"line":127,"column":51}},"52":{"start":{"line":129,"column":4},"end":{"line":129,"column":40}},"53":{"start":{"line":130,"column":4},"end":{"line":130,"column":43}},"54":{"start":{"line":131,"column":4},"end":{"line":131,"column":55}},"55":{"start":{"line":139,"column":4},"end":{"line":139,"column":54}},"56":{"start":{"line":141,"column":4},"end":{"line":141,"column":29}},"57":{"start":{"line":142,"column":4},"end":{"line":142,"column":61}},"58":{"start":{"line":144,"column":4},"end":{"line":144,"column":41}},"59":{"start":{"line":145,"column":4},"end":{"line":145,"column":21}},"60":{"start":{"line":151,"column":21},"end":{"line":151,"column":72}},"61":{"start":{"line":151,"column":57},"end":{"line":151,"column":71}},"62":{"start":{"line":153,"column":19},"end":{"line":153,"column":52}},"63":{"start":{"line":154,"column":25},"end":{"line":154,"column":54}},"64":{"start":{"line":155,"column":25},"end":{"line":155,"column":54}},"65":{"start":{"line":156,"column":21},"end":{"line":156,"column":51}},"66":{"start":{"line":157,"column":21},"end":{"line":157,"column":51}},"67":{"start":{"line":158,"column":21},"end":{"line":158,"column":48}},"68":{"start":{"line":159,"column":21},"end":{"line":159,"column":48}},"69":{"start":{"line":161,"column":4},"end":{"line":161,"column":39}},"70":{"start":{"line":162,"column":4},"end":{"line":162,"column":53}},"71":{"start":{"line":163,"column":4},"end":{"line":163,"column":54}},"72":{"start":{"line":164,"column":4},"end":{"line":164,"column":32}},"73":{"start":{"line":168,"column":4},"end":{"line":168,"column":34}},"74":{"start":{"line":169,"column":4},"end":{"line":169,"column":34}},"75":{"start":{"line":172,"column":4},"end":{"line":176,"column":5}},"76":{"start":{"line":173,"column":31},"end":{"line":173,"column":42}},"77":{"start":{"line":174,"column":6},"end":{"line":174,"column":35}},"78":{"start":{"line":175,"column":6},"end":{"line":175,"column":35}},"79":{"start":{"line":178,"column":4},"end":{"line":199,"column":7}},"80":{"start":{"line":179,"column":6},"end":{"line":179,"column":50}},"81":{"start":{"line":180,"column":6},"end":{"line":180,"column":56}},"82":{"start":{"line":181,"column":22},"end":{"line":181,"column":52}},"83":{"start":{"line":183,"column":6},"end":{"line":193,"column":9}},"84":{"start":{"line":184,"column":27},"end":{"line":184,"column":33}},"85":{"start":{"line":185,"column":8},"end":{"line":192,"column":9}},"86":{"start":{"line":186,"column":32},"end":{"line":186,"column":71}},"87":{"start":{"line":187,"column":10},"end":{"line":187,"column":42}},"88":{"start":{"line":189,"column":10},"end":{"line":191,"column":19}},"89":{"start":{"line":190,"column":12},"end":{"line":190,"column":53}},"90":{"start":{"line":195,"column":6},"end":{"line":198,"column":9}},"91":{"start":{"line":196,"column":8},"end":{"line":196,"column":55}},"92":{"start":{"line":197,"column":8},"end":{"line":197,"column":28}},"93":{"start":{"line":201,"column":4},"end":{"line":201,"column":44}},"94":{"start":{"line":202,"column":4},"end":{"line":202,"column":44}},"95":{"start":{"line":204,"column":4},"end":{"line":204,"column":32}},"96":{"start":{"line":205,"column":4},"end":{"line":205,"column":18}}},"fnMap":{"0":{"name":"(anonymous_0)","decl":{"start":{"line":24,"column":2},"end":{"line":24,"column":3}},"loc":{"start":{"line":24,"column":47},"end":{"line":27,"column":3}},"line":24},"1":{"name":"(anonymous_1)","decl":{"start":{"line":29,"column":2},"end":{"line":29,"column":3}},"loc":{"start":{"line":29,"column":21},"end":{"line":32,"column":3}},"line":29},"2":{"name":"(anonymous_2)","decl":{"start":{"line":34,"column":2},"end":{"line":34,"column":3}},"loc":{"start":{"line":34,"column":19},"end":{"line":36,"column":3}},"line":34},"3":{"name":"(anonymous_3)","decl":{"start":{"line":38,"column":2},"end":{"line":38,"column":3}},"loc":{"start":{"line":38,"column":21},"end":{"line":40,"column":3}},"line":38},"4":{"name":"(anonymous_4)","decl":{"start":{"line":42,"column":2},"end":{"line":42,"column":3}},"loc":{"start":{"line":42,"column":24},"end":{"line":44,"column":3}},"line":42},"5":{"name":"(anonymous_5)","decl":{"start":{"line":46,"column":2},"end":{"line":46,"column":3}},"loc":{"start":{"line":46,"column":19},"end":{"line":48,"column":3}},"line":46},"6":{"name":"(anonymous_6)","decl":{"start":{"line":50,"column":2},"end":{"line":50,"column":3}},"loc":{"start":{"line":50,"column":19},"end":{"line":52,"column":3}},"line":50},"7":{"name":"(anonymous_7)","decl":{"start":{"line":54,"column":2},"end":{"line":54,"column":3}},"loc":{"start":{"line":54,"column":19},"end":{"line":56,"column":3}},"line":54},"8":{"name":"(anonymous_8)","decl":{"start":{"line":58,"column":2},"end":{"line":58,"column":3}},"loc":{"start":{"line":58,"column":23},"end":{"line":60,"column":3}},"line":58},"9":{"name":"(anonymous_9)","decl":{"start":{"line":62,"column":2},"end":{"line":62,"column":3}},"loc":{"start":{"line":62,"column":23},"end":{"line":64,"column":3}},"line":62},"10":{"name":"(anonymous_10)","decl":{"start":{"line":66,"column":2},"end":{"line":66,"column":3}},"loc":{"start":{"line":66,"column":18},"end":{"line":70,"column":3}},"line":66},"11":{"name":"(anonymous_11)","decl":{"start":{"line":72,"column":2},"end":{"line":72,"column":3}},"loc":{"start":{"line":72,"column":20},"end":{"line":79,"column":3}},"line":72},"12":{"name":"(anonymous_12)","decl":{"start":{"line":75,"column":16},"end":{"line":75,"column":17}},"loc":{"start":{"line":75,"column":26},"end":{"line":78,"column":5}},"line":75},"13":{"name":"(anonymous_13)","decl":{"start":{"line":81,"column":2},"end":{"line":81,"column":3}},"loc":{"start":{"line":81,"column":16},"end":{"line":83,"column":3}},"line":81},"14":{"name":"(anonymous_14)","decl":{"start":{"line":151,"column":40},"end":{"line":151,"column":41}},"loc":{"start":{"line":151,"column":57},"end":{"line":151,"column":71}},"line":151},"15":{"name":"(anonymous_15)","decl":{"start":{"line":178,"column":39},"end":{"line":178,"column":40}},"loc":{"start":{"line":178,"column":45},"end":{"line":199,"column":5}},"line":178},"16":{"name":"(anonymous_16)","decl":{"start":{"line":183,"column":19},"end":{"line":183,"column":20}},"loc":{"start":{"line":183,"column":31},"end":{"line":193,"column":7}},"line":183},"17":{"name":"(anonymous_17)","decl":{"start":{"line":189,"column":21},"end":{"line":189,"column":22}},"loc":{"start":{"line":189,"column":27},"end":{"line":191,"column":11}},"line":189},"18":{"name":"(anonymous_18)","decl":{"start":{"line":195,"column":22},"end":{"line":195,"column":23}},"loc":{"start":{"line":195,"column":28},"end":{"line":198,"column":7}},"line":195}},"branchMap":{"0":{"loc":{"start":{"line":72,"column":10},"end":{"line":72,"column":18}},"type":"default-arg","locations":[{"start":{"line":72,"column":17},"end":{"line":72,"column":18}}],"line":72},"1":{"loc":{"start":{"line":85,"column":12},"end":{"line":85,"column":20}},"type":"default-arg","locations":[{"start":{"line":85,"column":19},"end":{"line":85,"column":20}}],"line":85},"2":{"loc":{"start":{"line":93,"column":4},"end":{"line":95,"column":5}},"type":"if","locations":[{"start":{"line":93,"column":4},"end":{"line":95,"column":5}},{"start":{},"end":{}}],"line":93},"3":{"loc":{"start":{"line":100,"column":23},"end":{"line":100,"column":72}},"type":"binary-expr","locations":[{"start":{"line":100,"column":23},"end":{"line":100,"column":67}},{"start":{"line":100,"column":71},"end":{"line":100,"column":72}}],"line":100},"4":{"loc":{"start":{"line":172,"column":4},"end":{"line":176,"column":5}},"type":"if","locations":[{"start":{"line":172,"column":4},"end":{"line":176,"column":5}},{"start":{},"end":{}}],"line":172},"5":{"loc":{"start":{"line":185,"column":8},"end":{"line":192,"column":9}},"type":"if","locations":[{"start":{"line":185,"column":8},"end":{"line":192,"column":9}},{"start":{},"end":{}}],"line":185},"6":{"loc":{"start":{"line":186,"column":32},"end":{"line":186,"column":71}},"type":"binary-expr","locations":[{"start":{"line":186,"column":32},"end":{"line":186,"column":66}},{"start":{"line":186,"column":70},"end":{"line":186,"column":71}}],"line":186}},"s":{"0":2,"1":2,"2":2,"3":2,"4":2,"5":2,"6":2,"7":2,"8":2,"9":2,"10":2,"11":2,"12":0,"13":0,"14":0,"15":1,"16":0,"17":0,"18":0,"19":0,"20":0,"21":0,"22":0,"23":1,"24":1,"25":5,"26":5,"27":0,"28":1,"29":1,"30":1,"31":1,"32":1,"33":1,"34":1,"35":1,"36":1,"37":1,"38":1,"39":5,"40":5,"41":5,"42":5,"43":5,"44":5,"45":5,"46":5,"47":5,"48":5,"49":5,"50":5,"51":5,"52":5,"53":5,"54":5,"55":5,"56":5,"57":5,"58":5,"59":5,"60":5,"61":0,"62":5,"63":5,"64":5,"65":5,"66":5,"67":5,"68":5,"69":5,"70":5,"71":5,"72":5,"73":5,"74":5,"75":5,"76":0,"77":0,"78":0,"79":5,"80":0,"81":0,"82":0,"83":0,"84":0,"85":0,"86":0,"87":0,"88":0,"89":0,"90":0,"91":0,"92":0,"93":5,"94":5,"95":5,"96":5},"f":{"0":2,"1":2,"2":0,"3":0,"4":0,"5":1,"6":0,"7":0,"8":0,"9":0,"10":0,"11":1,"12":5,"13":0,"14":0,"15":0,"16":0,"17":0,"18":0},"b":{"0":[1],"1":[0],"2":[1,0],"3":[1,0],"4":[0,5],"5":[0,0],"6":[0,0]},"_coverageSchema":"1a1c01bbd47fc00a2c39e90264f33305004495a9","hash":"ad8293e19f28cfd36128d86896afadcde0a61b37"}
,"/home/limavfabio/Documents/Repos/Microverse Repos/Capstone2/src/modules/printComments.js": {"path":"/home/limavfabio/Documents/Repos/Microverse Repos/Capstone2/src/modules/printComments.js","statementMap":{"0":{"start":{"line":1,"column":22},"end":{"line":30,"column":1}},"1":{"start":{"line":8,"column":2},"end":{"line":29,"column":5}},"2":{"start":{"line":9,"column":4},"end":{"line":15,"column":5}},"3":{"start":{"line":10,"column":17},"end":{"line":10,"column":45}},"4":{"start":{"line":11,"column":21},"end":{"line":11,"column":78}},"5":{"start":{"line":12,"column":6},"end":{"line":12,"column":29}},"6":{"start":{"line":13,"column":6},"end":{"line":13,"column":40}},"7":{"start":{"line":14,"column":6},"end":{"line":14,"column":15}},"8":{"start":{"line":16,"column":26},"end":{"line":16,"column":27}},"9":{"start":{"line":17,"column":4},"end":{"line":17,"column":37}},"10":{"start":{"line":18,"column":4},"end":{"line":26,"column":7}},"11":{"start":{"line":19,"column":6},"end":{"line":19,"column":27}},"12":{"start":{"line":20,"column":17},"end":{"line":20,"column":45}},"13":{"start":{"line":21,"column":21},"end":{"line":23,"column":7}},"14":{"start":{"line":24,"column":6},"end":{"line":24,"column":29}},"15":{"start":{"line":25,"column":6},"end":{"line":25,"column":40}},"16":{"start":{"line":27,"column":4},"end":{"line":27,"column":45}},"17":{"start":{"line":28,"column":4},"end":{"line":28,"column":27}}},"fnMap":{"0":{"name":"(anonymous_0)","decl":{"start":{"line":1,"column":22},"end":{"line":1,"column":23}},"loc":{"start":{"line":7,"column":5},"end":{"line":30,"column":1}},"line":7},"1":{"name":"(anonymous_1)","decl":{"start":{"line":8,"column":27},"end":{"line":8,"column":28}},"loc":{"start":{"line":8,"column":41},"end":{"line":29,"column":3}},"line":8},"2":{"name":"(anonymous_2)","decl":{"start":{"line":18,"column":21},"end":{"line":18,"column":22}},"loc":{"start":{"line":18,"column":34},"end":{"line":26,"column":5}},"line":18}},"branchMap":{"0":{"loc":{"start":{"line":9,"column":4},"end":{"line":15,"column":5}},"type":"if","locations":[{"start":{"line":9,"column":4},"end":{"line":15,"column":5}},{"start":{},"end":{}}],"line":9}},"s":{"0":1,"1":0,"2":0,"3":0,"4":0,"5":0,"6":0,"7":0,"8":0,"9":0,"10":0,"11":0,"12":0,"13":0,"14":0,"15":0,"16":0,"17":0},"f":{"0":0,"1":0,"2":0},"b":{"0":[0,0]},"_coverageSchema":"1a1c01bbd47fc00a2c39e90264f33305004495a9","hash":"68385fc2dfead36a414200d366244d62bce5db09"}
}
