TN:
SF:src\modules\moviesManager.js
FN:24,(anonymous_0)
FN:29,(anonymous_1)
FN:34,(anonymous_2)
FN:38,(anonymous_3)
FN:42,(anonymous_4)
FN:46,(anonymous_5)
FN:50,(anonymous_6)
FN:54,(anonymous_7)
FN:58,(anonymous_8)
FN:62,(anonymous_9)
FN:66,(anonymous_10)
FN:97,(anonymous_11)
FN:100,(anonymous_12)
FN:106,(anonymous_13)
FN:176,(anonymous_14)
FN:203,(anonymous_15)
FN:208,(anonymous_16)
FN:214,(anonymous_17)
FN:220,(anonymous_18)
FNF:19
FNH:5
FNDA:2,(anonymous_0)
FNDA:2,(anonymous_1)
FNDA:0,(anonymous_2)
FNDA:0,(anonymous_3)
FNDA:0,(anonymous_4)
FNDA:1,(anonymous_5)
FNDA:0,(anonymous_6)
FNDA:0,(anonymous_7)
FNDA:0,(anonymous_8)
FNDA:0,(anonymous_9)
FNDA:0,(anonymous_10)
FNDA:1,(anonymous_11)
FNDA:5,(anonymous_12)
FNDA:0,(anonymous_13)
FNDA:0,(anonymous_14)
FNDA:0,(anonymous_15)
FNDA:0,(anonymous_16)
FNDA:0,(anonymous_17)
FNDA:0,(anonymous_18)
DA:8,2
DA:10,2
DA:12,2
DA:14,2
DA:16,2
DA:18,2
DA:20,2
DA:22,2
DA:25,2
DA:26,2
DA:30,2
DA:31,2
DA:35,0
DA:39,0
DA:43,0
DA:47,1
DA:51,0
DA:55,0
DA:59,0
DA:63,0
DA:67,0
DA:68,0
DA:98,1
DA:100,1
DA:101,5
DA:102,5
DA:107,0
DA:111,1
DA:112,1
DA:114,1
DA:115,1
DA:118,1
DA:119,1
DA:122,1
DA:123,1
DA:124,1
DA:125,1
DA:126,1
DA:127,1
DA:132,5
DA:133,5
DA:134,5
DA:135,5
DA:137,5
DA:138,5
DA:140,5
DA:142,5
DA:144,5
DA:145,5
DA:150,5
DA:151,5
DA:152,5
DA:154,5
DA:155,5
DA:156,5
DA:164,5
DA:166,5
DA:167,5
DA:169,5
DA:170,5
DA:176,5
DA:178,5
DA:179,5
DA:180,5
DA:181,5
DA:182,5
DA:183,5
DA:184,5
DA:186,5
DA:187,5
DA:188,5
DA:189,5
DA:193,5
DA:194,5
DA:197,5
DA:198,0
DA:199,0
DA:200,0
DA:203,5
DA:204,0
DA:205,0
DA:206,0
DA:208,0
DA:209,0
DA:210,0
DA:211,0
DA:212,0
DA:214,0
DA:215,0
DA:220,0
DA:221,0
DA:222,0
DA:226,5
DA:227,5
DA:229,5
DA:230,5
LF:96
LH:70
BRDA:97,0,0,1
BRDA:110,1,0,0
BRDA:118,2,0,1
BRDA:118,2,1,0
BRDA:125,3,0,1
BRDA:125,3,1,0
BRDA:197,4,0,0
BRDA:197,4,1,5
BRDA:210,5,0,0
BRDA:210,5,1,0
BRDA:211,6,0,0
BRDA:211,6,1,0
BRF:12
BRH:4
end_of_record
